# JRE version: OpenJDK Runtime Environment Temurin-17.0.7+7 (17.0.7+7) (build 17.0.7+7)
# Java VM: OpenJDK 64-Bit Server VM Temurin-17.0.7+7 (17.0.7+7, mixed mode, tiered, compressed oops, compressed class ptrs, g1 gc, windows-amd64)
GC Precious Log:
 CPUs: 8 total, 8 available
 Memory: 6060M
 Large Page Support: Disabled
 NUMA Support: Disabled
 Compressed Oops: Enabled (32-bit)
 Heap Region Size: 1M
 Heap Min Capacity: 8M
 Heap Initial Capacity: 96M
 Heap Max Capacity: 1516M
 Pre-touch: Disabled
 Parallel Workers: 8
 Concurrent Workers: 2
 Concurrent Refinement Workers: 8
 Periodic GC: Disabled
Heap:
 garbage-first heap   total 140288K, used 118642K [0x00000000a1400000, 0x0000000100000000)
  region size 1024K, 80 young (81920K), 1 survivors (1024K)
 Metaspace       used 91423K, committed 91968K, reserved 1179648K
  class space    used 11712K, committed 11968K, reserved 1048576K
GC Heap History (20 events):
Event: 14010.590 GC heap before
{Heap before GC invocations=152 (full 0):
 garbage-first heap   total 140288K, used 121360K [0x00000000a1400000, 0x0000000100000000)
  region size 1024K, 82 young (83968K), 1 survivors (1024K)
 Metaspace       used 91417K, committed 91968K, reserved 1179648K
  class space    used 11710K, committed 11968K, reserved 1048576K
}
Event: 14010.593 GC heap after
{Heap after GC invocations=153 (full 0):
 garbage-first heap   total 140288K, used 39492K [0x00000000a1400000, 0x0000000100000000)
  region size 1024K, 1 young (1024K), 1 survivors (1024K)
 Metaspace       used 91417K, committed 91968K, reserved 1179648K
  class space    used 11710K, committed 11968K, reserved 1048576K
}
Event: 14011.980 GC heap before
{Heap before GC invocations=154 (full 0):
 garbage-first heap   total 140288K, used 121412K [0x00000000a1400000, 0x0000000100000000)
  region size 1024K, 82 young (83968K), 1 survivors (1024K)
 Metaspace       used 91419K, committed 91968K, reserved 1179648K
  class space    used 11711K, committed 11968K, reserved 1048576K
}
Event: 14011.981 GC heap after
{Heap after GC invocations=155 (full 0):
 garbage-first heap   total 140288K, used 39498K [0x00000000a1400000, 0x0000000100000000)
  region size 1024K, 1 young (1024K), 1 survivors (1024K)
 Metaspace       used 91419K, committed 91968K, reserved 1179648K
  class space    used 11711K, committed 11968K, reserved 1048576K
}
Event: 14013.475 GC heap before
{Heap before GC invocations=155 (full 0):
 garbage-first heap   total 140288K, used 121418K [0x00000000a1400000, 0x0000000100000000)
  region size 1024K, 82 young (83968K), 1 survivors (1024K)
 Metaspace       used 91419K, committed 91968K, reserved 1179648K
  class space    used 11711K, committed 11968K, reserved 1048576K
}
Event: 14013.478 GC heap after
{Heap after GC invocations=156 (full 0):
 garbage-first heap   total 140288K, used 39470K [0x00000000a1400000, 0x0000000100000000)
  region size 1024K, 1 young (1024K), 1 survivors (1024K)
 Metaspace       used 91419K, committed 91968K, reserved 1179648K
  class space    used 11711K, committed 11968K, reserved 1048576K
}
Event: 14014.954 GC heap before
{Heap before GC invocations=157 (full 0):
 garbage-first heap   total 140288K, used 121390K [0x00000000a1400000, 0x0000000100000000)
  region size 1024K, 83 young (84992K), 1 survivors (1024K)
 Metaspace       used 91419K, committed 91968K, reserved 1179648K
  class space    used 11711K, committed 11968K, reserved 1048576K
}
Event: 14014.956 GC heap after
{Heap after GC invocations=158 (full 0):
 garbage-first heap   total 140288K, used 39499K [0x00000000a1400000, 0x0000000100000000)
  region size 1024K, 1 young (1024K), 1 survivors (1024K)
 Metaspace       used 91419K, committed 91968K, reserved 1179648K
  class space    used 11711K, committed 11968K, reserved 1048576K
}
Event: 14016.914 GC heap before
{Heap before GC invocations=158 (full 0):
 garbage-first heap   total 140288K, used 121419K [0x00000000a1400000, 0x0000000100000000)
  region size 1024K, 82 young (83968K), 1 survivors (1024K)
 Metaspace       used 91419K, committed 91968K, reserved 1179648K
  class space    used 11711K, committed 11968K, reserved 1048576K
}
Event: 14016.916 GC heap after
{Heap after GC invocations=159 (full 0):
 garbage-first heap   total 140288K, used 39499K [0x00000000a1400000, 0x0000000100000000)
  region size 1024K, 1 young (1024K), 1 survivors (1024K)
 Metaspace       used 91419K, committed 91968K, reserved 1179648K
  class space    used 11711K, committed 11968K, reserved 1048576K
}
Event: 14018.647 GC heap before
{Heap before GC invocations=160 (full 0):
 garbage-first heap   total 140288K, used 121419K [0x00000000a1400000, 0x0000000100000000)
  region size 1024K, 82 young (83968K), 1 survivors (1024K)
 Metaspace       used 91419K, committed 91968K, reserved 1179648K
  class space    used 11711K, committed 11968K, reserved 1048576K
}
Event: 14018.649 GC heap after
{Heap after GC invocations=161 (full 0):
 garbage-first heap   total 140288K, used 39449K [0x00000000a1400000, 0x0000000100000000)
  region size 1024K, 1 young (1024K), 1 survivors (1024K)
 Metaspace       used 91419K, committed 91968K, reserved 1179648K
  class space    used 11711K, committed 11968K, reserved 1048576K
}
Event: 14020.527 GC heap before
{Heap before GC invocations=161 (full 0):
 garbage-first heap   total 140288K, used 121369K [0x00000000a1400000, 0x0000000100000000)
  region size 1024K, 82 young (83968K), 1 survivors (1024K)
 Metaspace       used 91419K, committed 91968K, reserved 1179648K
  class space    used 11711K, committed 11968K, reserved 1048576K
}
Event: 14020.529 GC heap after
{Heap after GC invocations=162 (full 0):
 garbage-first heap   total 140288K, used 39407K [0x00000000a1400000, 0x0000000100000000)
  region size 1024K, 1 young (1024K), 1 survivors (1024K)
 Metaspace       used 91419K, committed 91968K, reserved 1179648K
  class space    used 11711K, committed 11968K, reserved 1048576K
}
Event: 14022.960 GC heap before
{Heap before GC invocations=163 (full 0):
 garbage-first heap   total 140288K, used 121327K [0x00000000a1400000, 0x0000000100000000)
  region size 1024K, 82 young (83968K), 1 survivors (1024K)
 Metaspace       used 91419K, committed 91968K, reserved 1179648K
  class space    used 11711K, committed 11968K, reserved 1048576K
}
Event: 14022.962 GC heap after
{Heap after GC invocations=164 (full 0):
 garbage-first heap   total 140288K, used 39517K [0x00000000a1400000, 0x0000000100000000)
  region size 1024K, 1 young (1024K), 1 survivors (1024K)
 Metaspace       used 91419K, committed 91968K, reserved 1179648K
  class space    used 11711K, committed 11968K, reserved 1048576K
}
Event: 14024.546 GC heap before
{Heap before GC invocations=164 (full 0):
 garbage-first heap   total 140288K, used 122461K [0x00000000a1400000, 0x0000000100000000)
  region size 1024K, 82 young (83968K), 1 survivors (1024K)
 Metaspace       used 91419K, committed 91968K, reserved 1179648K
  class space    used 11711K, committed 11968K, reserved 1048576K
}
Event: 14024.549 GC heap after
{Heap after GC invocations=165 (full 0):
 garbage-first heap   total 140288K, used 39467K [0x00000000a1400000, 0x0000000100000000)
  region size 1024K, 1 young (1024K), 1 survivors (1024K)
 Metaspace       used 91419K, committed 91968K, reserved 1179648K
  class space    used 11711K, committed 11968K, reserved 1048576K
}
Event: 14027.041 GC heap before
{Heap before GC invocations=166 (full 0):
 garbage-first heap   total 140288K, used 121387K [0x00000000a1400000, 0x0000000100000000)
  region size 1024K, 82 young (83968K), 1 survivors (1024K)
 Metaspace       used 91419K, committed 91968K, reserved 1179648K
  class space    used 11711K, committed 11968K, reserved 1048576K
}
Event: 14027.044 GC heap after
{Heap after GC invocations=167 (full 0):
 garbage-first heap   total 140288K, used 39794K [0x00000000a1400000, 0x0000000100000000)
  region size 1024K, 1 young (1024K), 1 survivors (1024K)
 Metaspace       used 91419K, committed 91968K, reserved 1179648K
  class space    used 11711K, committed 11968K, reserved 1048576K
}

