# JRE version: OpenJDK Runtime Environment Temurin-17.0.7+7 (17.0.7+7) (build 17.0.7+7)
# Java VM: OpenJDK 64-Bit Server VM Temurin-17.0.7+7 (17.0.7+7, mixed mode, tiered, compressed oops, compressed class ptrs, g1 gc, windows-amd64)
GC Precious Log:
 CPUs: 8 total, 8 available
 Memory: 6060M
 Large Page Support: Disabled
 NUMA Support: Disabled
 Compressed Oops: Enabled (32-bit)
 Heap Region Size: 1M
 Heap Min Capacity: 8M
 Heap Initial Capacity: 96M
 Heap Max Capacity: 1516M
 Pre-touch: Disabled
 Parallel Workers: 8
 Concurrent Workers: 2
 Concurrent Refinement Workers: 8
 Periodic GC: Disabled
Heap:
 garbage-first heap   total 149504K, used 114791K [0x00000000a1400000, 0x0000000100000000)
  region size 1024K, 72 young (73728K), 1 survivors (1024K)
 Metaspace       used 91059K, committed 91712K, reserved 1179648K
  class space    used 11711K, committed 12032K, reserved 1048576K
GC Heap History (20 events):
Event: 1391.527 GC heap before
{Heap before GC invocations=44 (full 0):
 garbage-first heap   total 149504K, used 131048K [0x00000000a1400000, 0x0000000100000000)
  region size 1024K, 87 young (89088K), 1 survivors (1024K)
 Metaspace       used 91050K, committed 91712K, reserved 1179648K
  class space    used 11709K, committed 12032K, reserved 1048576K
}
Event: 1391.530 GC heap after
{Heap after GC invocations=45 (full 0):
 garbage-first heap   total 149504K, used 44061K [0x00000000a1400000, 0x0000000100000000)
  region size 1024K, 1 young (1024K), 1 survivors (1024K)
 Metaspace       used 91050K, committed 91712K, reserved 1179648K
  class space    used 11709K, committed 12032K, reserved 1048576K
}
Event: 1393.443 GC heap before
{Heap before GC invocations=45 (full 0):
 garbage-first heap   total 149504K, used 131101K [0x00000000a1400000, 0x0000000100000000)
  region size 1024K, 87 young (89088K), 1 survivors (1024K)
 Metaspace       used 91052K, committed 91712K, reserved 1179648K
  class space    used 11709K, committed 12032K, reserved 1048576K
}
Event: 1393.445 GC heap after
{Heap after GC invocations=46 (full 0):
 garbage-first heap   total 149504K, used 44099K [0x00000000a1400000, 0x0000000100000000)
  region size 1024K, 1 young (1024K), 1 survivors (1024K)
 Metaspace       used 91052K, committed 91712K, reserved 1179648K
  class space    used 11709K, committed 12032K, reserved 1048576K
}
Event: 1395.450 GC heap before
{Heap before GC invocations=46 (full 0):
 garbage-first heap   total 149504K, used 131139K [0x00000000a1400000, 0x0000000100000000)
  region size 1024K, 87 young (89088K), 1 survivors (1024K)
 Metaspace       used 91053K, committed 91712K, reserved 1179648K
  class space    used 11710K, committed 12032K, reserved 1048576K
}
Event: 1395.452 GC heap after
{Heap after GC invocations=47 (full 0):
 garbage-first heap   total 149504K, used 43922K [0x00000000a1400000, 0x0000000100000000)
  region size 1024K, 1 young (1024K), 1 survivors (1024K)
 Metaspace       used 91053K, committed 91712K, reserved 1179648K
  class space    used 11710K, committed 12032K, reserved 1048576K
}
Event: 1397.469 GC heap before
{Heap before GC invocations=47 (full 0):
 garbage-first heap   total 149504K, used 130962K [0x00000000a1400000, 0x0000000100000000)
  region size 1024K, 87 young (89088K), 1 survivors (1024K)
 Metaspace       used 91053K, committed 91712K, reserved 1179648K
  class space    used 11710K, committed 12032K, reserved 1048576K
}
Event: 1397.470 GC heap after
{Heap after GC invocations=48 (full 0):
 garbage-first heap   total 149504K, used 44031K [0x00000000a1400000, 0x0000000100000000)
  region size 1024K, 1 young (1024K), 1 survivors (1024K)
 Metaspace       used 91053K, committed 91712K, reserved 1179648K
  class space    used 11710K, committed 12032K, reserved 1048576K
}
Event: 1399.589 GC heap before
{Heap before GC invocations=48 (full 0):
 garbage-first heap   total 149504K, used 131071K [0x00000000a1400000, 0x0000000100000000)
  region size 1024K, 87 young (89088K), 1 survivors (1024K)
 Metaspace       used 91053K, committed 91712K, reserved 1179648K
  class space    used 11710K, committed 12032K, reserved 1048576K
}
Event: 1399.591 GC heap after
{Heap after GC invocations=49 (full 0):
 garbage-first heap   total 149504K, used 44036K [0x00000000a1400000, 0x0000000100000000)
  region size 1024K, 1 young (1024K), 1 survivors (1024K)
 Metaspace       used 91053K, committed 91712K, reserved 1179648K
  class space    used 11710K, committed 12032K, reserved 1048576K
}
Event: 1401.652 GC heap before
{Heap before GC invocations=49 (full 0):
 garbage-first heap   total 149504K, used 131076K [0x00000000a1400000, 0x0000000100000000)
  region size 1024K, 87 young (89088K), 1 survivors (1024K)
 Metaspace       used 91053K, committed 91712K, reserved 1179648K
  class space    used 11710K, committed 12032K, reserved 1048576K
}
Event: 1401.653 GC heap after
{Heap after GC invocations=50 (full 0):
 garbage-first heap   total 149504K, used 44085K [0x00000000a1400000, 0x0000000100000000)
  region size 1024K, 1 young (1024K), 1 survivors (1024K)
 Metaspace       used 91053K, committed 91712K, reserved 1179648K
  class space    used 11710K, committed 12032K, reserved 1048576K
}
Event: 1403.439 GC heap before
{Heap before GC invocations=50 (full 0):
 garbage-first heap   total 149504K, used 131125K [0x00000000a1400000, 0x0000000100000000)
  region size 1024K, 87 young (89088K), 1 survivors (1024K)
 Metaspace       used 91055K, committed 91712K, reserved 1179648K
  class space    used 11710K, committed 12032K, reserved 1048576K
}
Event: 1403.440 GC heap after
{Heap after GC invocations=51 (full 0):
 garbage-first heap   total 149504K, used 44049K [0x00000000a1400000, 0x0000000100000000)
  region size 1024K, 1 young (1024K), 1 survivors (1024K)
 Metaspace       used 91055K, committed 91712K, reserved 1179648K
  class space    used 11710K, committed 12032K, reserved 1048576K
}
Event: 1405.695 GC heap before
{Heap before GC invocations=51 (full 0):
 garbage-first heap   total 149504K, used 131089K [0x00000000a1400000, 0x0000000100000000)
  region size 1024K, 87 young (89088K), 1 survivors (1024K)
 Metaspace       used 91056K, committed 91712K, reserved 1179648K
  class space    used 11711K, committed 12032K, reserved 1048576K
}
Event: 1405.696 GC heap after
{Heap after GC invocations=52 (full 0):
 garbage-first heap   total 149504K, used 44047K [0x00000000a1400000, 0x0000000100000000)
  region size 1024K, 1 young (1024K), 1 survivors (1024K)
 Metaspace       used 91056K, committed 91712K, reserved 1179648K
  class space    used 11711K, committed 12032K, reserved 1048576K
}
Event: 1408.107 GC heap before
{Heap before GC invocations=52 (full 0):
 garbage-first heap   total 149504K, used 131087K [0x00000000a1400000, 0x0000000100000000)
  region size 1024K, 87 young (89088K), 1 survivors (1024K)
 Metaspace       used 91059K, committed 91712K, reserved 1179648K
  class space    used 11711K, committed 12032K, reserved 1048576K
}
Event: 1408.108 GC heap after
{Heap after GC invocations=53 (full 0):
 garbage-first heap   total 149504K, used 44086K [0x00000000a1400000, 0x0000000100000000)
  region size 1024K, 1 young (1024K), 1 survivors (1024K)
 Metaspace       used 91059K, committed 91712K, reserved 1179648K
  class space    used 11711K, committed 12032K, reserved 1048576K
}
Event: 1412.813 GC heap before
{Heap before GC invocations=53 (full 0):
 garbage-first heap   total 149504K, used 131126K [0x00000000a1400000, 0x0000000100000000)
  region size 1024K, 87 young (89088K), 1 survivors (1024K)
 Metaspace       used 91059K, committed 91712K, reserved 1179648K
  class space    used 11711K, committed 12032K, reserved 1048576K
}
Event: 1412.815 GC heap after
{Heap after GC invocations=54 (full 0):
 garbage-first heap   total 149504K, used 44135K [0x00000000a1400000, 0x0000000100000000)
  region size 1024K, 1 young (1024K), 1 survivors (1024K)
 Metaspace       used 91059K, committed 91712K, reserved 1179648K
  class space    used 11711K, committed 12032K, reserved 1048576K
}

